<!DOCTYPE html PUBLIC "-//W3C//DTD XHTML 1.1//EN" "https://www.w3.org/TR/xhtml11/DTD/xhtml11.dtd">
<html xmlns="https://www.w3.org/1999/xhtml">
<head>
<meta http-equiv="content-type" content="text/html; charset=UTF-8"/>
<title>TestNG Report</title>
<style type="text/css">table {margin-bottom:10px;border-collapse:collapse;empty-cells:show}th,td {border:1px solid #009;padding:.25em .5em}th {vertical-align:bottom}td {vertical-align:top}table a {font-weight:bold}.stripe td {background-color: #E6EBF9}.num {text-align:right}.passedodd td {background-color: #3F3}.passedeven td {background-color: #0A0}.skippedodd td {background-color: #DDD}.skippedeven td {background-color: #CCC}.failedodd td,.attn {background-color: #F33}.failedeven td,.stripe .attn {background-color: #D00}.stacktrace {white-space:pre;font-family:monospace}.totop {font-size:85%;text-align:center;border-bottom:2px solid #000}.invisible {display:none}</style>
</head>
<body>
<table>
<tr><th>Test</th><th># Passed</th><th># Skipped</th><th># Retried</th><th># Failed</th><th>Time (ms)</th><th>Included Groups</th><th>Excluded Groups</th></tr>
<tr><th colspan="8">API Regression August 2025 Suite</th></tr>
<tr><td><a href="#t0">Go Rest Get API Test</a></td><td class="num">2</td><td class="num">0</td><td class="num">0</td><td class="num attn">2</td><td class="num">8,381</td><td></td><td></td></tr>
<tr class="stripe"><td><a href="#t1">Go Rest Create API Test</a></td><td class="num">4</td><td class="num">0</td><td class="num">0</td><td class="num">0</td><td class="num">9,976</td><td></td><td></td></tr>
<tr><td><a href="#t2">Fake Store Product API Test</a></td><td class="num">1</td><td class="num">0</td><td class="num">0</td><td class="num">0</td><td class="num">739</td><td></td><td></td></tr>
<tr class="stripe"><td><a href="#t3">HTTP Bin Org API Test</a></td><td class="num">1</td><td class="num">0</td><td class="num">0</td><td class="num">0</td><td class="num">1,818</td><td></td><td></td></tr>
<tr><td><a href="#t4">Amadeus API Test</a></td><td class="num">0</td><td class="num">0</td><td class="num">0</td><td class="num attn">1</td><td class="num">3,374</td><td></td><td></td></tr>
<tr><th>Total</th><th class="num">8</th><th class="num">0</th><th class="num">0</th><th class="num attn">3</th><th class="num">24,288</th><th colspan="2"></th></tr>
</table>
<table id='summary'><thead><tr><th>Class</th><th>Method</th><th>Start</th><th>Time (ms)</th></tr></thead><tbody><tr><th colspan="4">API Regression August 2025 Suite</th></tr></tbody><tbody id="t0"><tr><th colspan="4">Go Rest Get API Test &#8212; failed</th></tr><tr class="failedeven"><td rowspan="2">com.qa.gorest.tests.GetUserTest</td><td><a href="#m0">getAllUsersXMLTest</a></td><td rowspan="1">1765710655538</td><td rowspan="1">2164</td></tr><tr class="failedeven"><td><a href="#m1">getSingleUser</a></td><td rowspan="1">1765710653209</td><td rowspan="1">1034</td></tr><tr><th colspan="4">Go Rest Get API Test &#8212; passed</th></tr><tr class="passedeven"><td rowspan="2">com.qa.gorest.tests.GetUserTest</td><td><a href="#m2">getAllUserTest</a></td><td rowspan="1">1765710654264</td><td rowspan="1">1262</td></tr><tr class="passedeven"><td><a href="#m3">getUserWithQueryParam</a></td><td rowspan="1">1765710650036</td><td rowspan="1">3142</td></tr></tbody>
<tbody id="t1"><tr><th colspan="4">Go Rest Create API Test &#8212; passed</th></tr><tr class="passedeven"><td rowspan="4">com.qa.gorest.tests.CreateUserTest</td><td><a href="#m4">createUserTest</a></td><td rowspan="4">1765710661960</td><td rowspan="4">2026</td></tr><tr class="passedeven"><td><a href="#m5">createUserTest</a></td></tr><tr class="passedeven"><td><a href="#m6">createUserTest</a></td></tr><tr class="passedeven"><td><a href="#m7">createUserTest</a></td></tr></tbody>
<tbody id="t2"><tr><th colspan="4">Fake Store Product API Test &#8212; passed</th></tr><tr class="passedeven"><td rowspan="1">com.qa.gorest.tests.GetProductAPITest</td><td><a href="#m8">getAllProductInfoTest</a></td><td rowspan="1">1765710667843</td><td rowspan="1">726</td></tr></tbody>
<tbody id="t3"><tr><th colspan="4">HTTP Bin Org API Test &#8212; passed</th></tr><tr class="passedeven"><td rowspan="1">com.qa.gorest.tests.HttpBinOrgAPITest</td><td><a href="#m9">getDataFromBinOrg</a></td><td rowspan="1">1765710668598</td><td rowspan="1">1806</td></tr></tbody>
<tbody id="t4"><tr><th colspan="4">Amadeus API Test &#8212; failed</th></tr><tr class="failedeven"><td rowspan="1">com.qa.gorest.tests.AmadeusAPITest</td><td><a href="#m10">getFlightDetails</a></td><td rowspan="1">1765710671826</td><td rowspan="1">1965</td></tr></tbody>
</table>
<h2>Go Rest Get API Test</h2><h3 id="m0">com.qa.gorest.tests.GetUserTest#getAllUsersXMLTest</h3><table class="result"><tr><th>Exception</th></tr><tr><td><div class="stacktrace">java.lang.AssertionError: expected [true] but found [false]
	at com.qa.gorest.tests.GetUserTest.getAllUsersXMLTest(GetUserTest.java:86)
	at java.base/java.util.ArrayList.forEach(ArrayList.java:1511)
... Removed 34 stack frames</div></td></tr></table><p class="totop"><a href="#summary">back to summary</a></p>
<h3 id="m1">com.qa.gorest.tests.GetUserTest#getSingleUser</h3><table class="result"><tr><th>Exception</th></tr><tr><td><div class="stacktrace">java.lang.AssertionError: 1 expectation failed.
Expected status code &lt;200&gt; but was &lt;404&gt;.

	at org.codehaus.groovy.runtime.callsite.ConstructorSite$ConstructorSiteNoUnwrapNoCoerce.callConstructor(ConstructorSite.java:108)
	at org.codehaus.groovy.runtime.callsite.CallSiteArray.defaultCallConstructor(CallSiteArray.java:57)
	at org.codehaus.groovy.runtime.callsite.AbstractCallSite.callConstructor(AbstractCallSite.java:263)
	at org.codehaus.groovy.runtime.callsite.AbstractCallSite.callConstructor(AbstractCallSite.java:277)
	at io.restassured.internal.ResponseSpecificationImpl$HamcrestAssertionClosure.validate(ResponseSpecificationImpl.groovy:512)
	at io.restassured.internal.ResponseSpecificationImpl$HamcrestAssertionClosure$validate$1.call(Unknown Source)
	at io.restassured.internal.ResponseSpecificationImpl.validateResponseIfRequired(ResponseSpecificationImpl.groovy:696)
	at io.restassured.internal.ResponseSpecificationImpl.this$2$validateResponseIfRequired(ResponseSpecificationImpl.groovy)
	at org.codehaus.groovy.runtime.callsite.PlainObjectMetaMethodSite.doInvoke(PlainObjectMetaMethodSite.java:43)
	at org.codehaus.groovy.runtime.callsite.PogoMetaMethodSite$PogoCachedMethodSiteNoUnwrapNoCoerce.invoke(PogoMetaMethodSite.java:198)
	at org.codehaus.groovy.runtime.callsite.PogoMetaMethodSite.callCurrent(PogoMetaMethodSite.java:62)
	at org.codehaus.groovy.runtime.callsite.AbstractCallSite.callCurrent(AbstractCallSite.java:185)
	at io.restassured.internal.ResponseSpecificationImpl.statusCode(ResponseSpecificationImpl.groovy:135)
	at io.restassured.specification.ResponseSpecification$statusCode$0.callCurrent(Unknown Source)
	at io.restassured.internal.ResponseSpecificationImpl.statusCode(ResponseSpecificationImpl.groovy:143)
	at io.restassured.internal.ValidatableResponseOptionsImpl.statusCode(ValidatableResponseOptionsImpl.java:89)
	at com.qa.gorest.tests.GetUserTest.getSingleUser(GetUserTest.java:47)
	at java.base/java.util.ArrayList.forEach(ArrayList.java:1511)
... Removed 40 stack frames</div></td></tr></table><p class="totop"><a href="#summary">back to summary</a></p>
<h3 id="m2">com.qa.gorest.tests.GetUserTest#getAllUserTest</h3><table class="result"><tr><th class="invisible"/></tr></table><p class="totop"><a href="#summary">back to summary</a></p>
<h3 id="m3">com.qa.gorest.tests.GetUserTest#getUserWithQueryParam</h3><table class="result"><tr><th class="invisible"/></tr></table><p class="totop"><a href="#summary">back to summary</a></p>
<h2>Go Rest Create API Test</h2><h3 id="m4">com.qa.gorest.tests.CreateUserTest#createUserTest</h3><table class="result"><tr class="param"><th>Parameter #1</th><th>Parameter #2</th><th>Parameter #3</th></tr><tr class="param stripe"><td>Nishant</td><td>female</td><td>inactive</td></tr></table><p class="totop"><a href="#summary">back to summary</a></p>
<h3 id="m5">com.qa.gorest.tests.CreateUserTest#createUserTest</h3><table class="result"><tr class="param"><th>Parameter #1</th><th>Parameter #2</th><th>Parameter #3</th></tr><tr class="param stripe"><td>Aparna</td><td>female</td><td>active</td></tr></table><p class="totop"><a href="#summary">back to summary</a></p>
<h3 id="m6">com.qa.gorest.tests.CreateUserTest#createUserTest</h3><table class="result"><tr class="param"><th>Parameter #1</th><th>Parameter #2</th><th>Parameter #3</th></tr><tr class="param stripe"><td>Mahesh</td><td>female</td><td>inactive</td></tr></table><p class="totop"><a href="#summary">back to summary</a></p>
<h3 id="m7">com.qa.gorest.tests.CreateUserTest#createUserTest</h3><table class="result"><tr class="param"><th>Parameter #1</th><th>Parameter #2</th><th>Parameter #3</th></tr><tr class="param stripe"><td>Ravi</td><td>male</td><td>active</td></tr></table><p class="totop"><a href="#summary">back to summary</a></p>
<h2>Fake Store Product API Test</h2><h3 id="m8">com.qa.gorest.tests.GetProductAPITest#getAllProductInfoTest</h3><table class="result"><tr><th class="invisible"/></tr></table><p class="totop"><a href="#summary">back to summary</a></p>
<h2>HTTP Bin Org API Test</h2><h3 id="m9">com.qa.gorest.tests.HttpBinOrgAPITest#getDataFromBinOrg</h3><table class="result"><tr><th class="invisible"/></tr></table><p class="totop"><a href="#summary">back to summary</a></p>
<h2>Amadeus API Test</h2><h3 id="m10">com.qa.gorest.tests.AmadeusAPITest#getFlightDetails</h3><table class="result"><tr><th>Exception</th></tr><tr><td><div class="stacktrace">java.lang.AssertionError: 1 expectation failed.
Expected status code &lt;200&gt; but was &lt;500&gt;.

	at org.codehaus.groovy.runtime.callsite.ConstructorSite$ConstructorSiteNoUnwrapNoCoerce.callConstructor(ConstructorSite.java:108)
	at org.codehaus.groovy.runtime.callsite.AbstractCallSite.callConstructor(AbstractCallSite.java:277)
	at io.restassured.internal.ResponseSpecificationImpl$HamcrestAssertionClosure.validate(ResponseSpecificationImpl.groovy:512)
	at io.restassured.internal.ResponseSpecificationImpl$HamcrestAssertionClosure$validate$1.call(Unknown Source)
	at io.restassured.internal.ResponseSpecificationImpl.validateResponseIfRequired(ResponseSpecificationImpl.groovy:696)
	at io.restassured.internal.ResponseSpecificationImpl.this$2$validateResponseIfRequired(ResponseSpecificationImpl.groovy)
	at org.codehaus.groovy.runtime.callsite.PlainObjectMetaMethodSite.doInvoke(PlainObjectMetaMethodSite.java:43)
	at org.codehaus.groovy.runtime.callsite.PogoMetaMethodSite$PogoCachedMethodSiteNoUnwrapNoCoerce.invoke(PogoMetaMethodSite.java:198)
	at org.codehaus.groovy.runtime.callsite.PogoMetaMethodSite.callCurrent(PogoMetaMethodSite.java:62)
	at org.codehaus.groovy.runtime.callsite.AbstractCallSite.callCurrent(AbstractCallSite.java:185)
	at io.restassured.internal.ResponseSpecificationImpl.statusCode(ResponseSpecificationImpl.groovy:135)
	at io.restassured.specification.ResponseSpecification$statusCode$0.callCurrent(Unknown Source)
	at io.restassured.internal.ResponseSpecificationImpl.statusCode(ResponseSpecificationImpl.groovy:143)
	at io.restassured.internal.ValidatableResponseOptionsImpl.statusCode(ValidatableResponseOptionsImpl.java:89)
	at com.qa.gorest.tests.AmadeusAPITest.getFlightDetails(AmadeusAPITest.java:43)
	at java.base/java.util.ArrayList.forEach(ArrayList.java:1511)
... Removed 39 stack frames</div></td></tr></table><p class="totop"><a href="#summary">back to summary</a></p>
</body>
</html>
