<!DOCTYPE html>

<html>
  <head>
  <meta charset='utf-8'>
  <title>TestNG reports</title>

    <link type="text/css" href="testng-reports1.css" rel="stylesheet" id="ultra" />
    <link type="text/css" href="testng-reports.css" rel="stylesheet" id="retro" disabled="false"/>
    <script type="text/javascript" src="jquery-3.6.0.min.js"></script>
    <script type="text/javascript" src="testng-reports.js"></script>
    <script type="text/javascript" src="https://www.google.com/jsapi"></script>
    <script type='text/javascript'>
      google.load('visualization', '1', {packages:['table']});
      google.setOnLoadCallback(drawTable);
      var suiteTableInitFunctions = new Array();
      var suiteTableData = new Array();
    </script>
    <!--
      <script type="text/javascript" src="jquery-ui/js/jquery-ui-1.8.16.custom.min.js"></script>
     -->
  </head>

  <body>    <div class="top-banner-root">
      <span class="top-banner-title-font">Test results</span>
      <button id="button" class="button">Switch Retro Theme</button> <!-- button -->
      <br/>
      <span class="top-banner-font-1">1 suite, 3 failed tests</span>
    </div> <!-- top-banner-root -->
    <div class="navigator-root">
      <div class="navigator-suite-header">
        <span>All suites</span>
        <a href="#" title="Collapse/expand all the suites" class="collapse-all-link">
          <img src="collapseall.gif" class="collapse-all-icon">
          </img> <!-- collapse-all-icon -->
        </a> <!-- collapse-all-link -->
      </div> <!-- navigator-suite-header -->
      <div class="suite">
        <div class="rounded-window">
          <div class="suite-header light-rounded-window-top">
            <a href="#" panel-name="suite-API_Regression_August_2025_Suite" class="navigator-link">
              <span class="suite-name border-failed">API Regression August 2025 Suite</span>
            </a> <!-- navigator-link -->
          </div> <!-- suite-header light-rounded-window-top -->
          <div class="navigator-suite-content">
            <div class="suite-section-title">
              <span>Info</span>
            </div> <!-- suite-section-title -->
            <div class="suite-section-content">
              <ul>
                <li>
                  <a href="#" panel-name="test-xml-API_Regression_August_2025_Suite" class="navigator-link ">
                    <span>C:\Users\nishant.goel\eclipse-workspace\August2025RestAssuredFramework\src\test\resources\testrunners\testng_regression.xml</span>
                  </a> <!-- navigator-link  -->
                </li>
                <li>
                  <a href="#" panel-name="testlist-API_Regression_August_2025_Suite" class="navigator-link ">
                    <span class="test-stats">5 tests</span>
                  </a> <!-- navigator-link  -->
                </li>
                <li>
                  <a href="#" panel-name="group-API_Regression_August_2025_Suite" class="navigator-link ">
                    <span>0 groups</span>
                  </a> <!-- navigator-link  -->
                </li>
                <li>
                  <a href="#" panel-name="times-API_Regression_August_2025_Suite" class="navigator-link ">
                    <span>Times</span>
                  </a> <!-- navigator-link  -->
                </li>
                <li>
                  <a href="#" panel-name="reporter-API_Regression_August_2025_Suite" class="navigator-link ">
                    <span>Reporter output</span>
                  </a> <!-- navigator-link  -->
                </li>
                <li>
                  <a href="#" panel-name="ignored-methods-API_Regression_August_2025_Suite" class="navigator-link ">
                    <span>Ignored methods</span>
                  </a> <!-- navigator-link  -->
                </li>
                <li>
                  <a href="#" panel-name="chronological-API_Regression_August_2025_Suite" class="navigator-link ">
                    <span>Chronological view</span>
                  </a> <!-- navigator-link  -->
                </li>
              </ul>
            </div> <!-- suite-section-content -->
            <div class="result-section">
              <div class="suite-section-title">
                <span>Results</span>
              </div> <!-- suite-section-title -->
              <div class="suite-section-content">
                <ul>
                  <li>
                    <span class="method-stats">11 methods, 3 failed,   8 passed</span>
                  </li>
                  <li>
                    <span class="method-list-title failed">Failed methods</span>
                    <span class="show-or-hide-methods failed">
                      <a href="#" panel-name="suite-API_Regression_August_2025_Suite" class="hide-methods failed suite-API_Regression_August_2025_Suite"> (hide)</a> <!-- hide-methods failed suite-API_Regression_August_2025_Suite -->
                      <a href="#" panel-name="suite-API_Regression_August_2025_Suite" class="show-methods failed suite-API_Regression_August_2025_Suite"> (show)</a> <!-- show-methods failed suite-API_Regression_August_2025_Suite -->
                    </span>
                    <div class="method-list-content failed suite-API_Regression_August_2025_Suite">
                      <span>
                        <img src="failed.png" width="3%"/>
                        <a href="#" panel-name="suite-API_Regression_August_2025_Suite" title="com.qa.gorest.tests.GetUserTest" class="method navigator-link" hash-for-method="getAllUsersXMLTest">getAllUsersXMLTest</a> <!-- method navigator-link -->
                      </span>
                      <br/>
                      <span>
                        <img src="failed.png" width="3%"/>
                        <a href="#" panel-name="suite-API_Regression_August_2025_Suite" title="com.qa.gorest.tests.AmadeusAPITest" class="method navigator-link" hash-for-method="getFlightDetails">getFlightDetails</a> <!-- method navigator-link -->
                      </span>
                      <br/>
                      <span>
                        <img src="failed.png" width="3%"/>
                        <a href="#" panel-name="suite-API_Regression_August_2025_Suite" title="com.qa.gorest.tests.GetUserTest" class="method navigator-link" hash-for-method="getSingleUser">getSingleUser</a> <!-- method navigator-link -->
                      </span>
                      <br/>
                    </div> <!-- method-list-content failed suite-API_Regression_August_2025_Suite -->
                  </li>
                  <li>
                    <span class="method-list-title passed">Passed methods</span>
                    <span class="show-or-hide-methods passed">
                      <a href="#" panel-name="suite-API_Regression_August_2025_Suite" class="hide-methods passed suite-API_Regression_August_2025_Suite"> (hide)</a> <!-- hide-methods passed suite-API_Regression_August_2025_Suite -->
                      <a href="#" panel-name="suite-API_Regression_August_2025_Suite" class="show-methods passed suite-API_Regression_August_2025_Suite"> (show)</a> <!-- show-methods passed suite-API_Regression_August_2025_Suite -->
                    </span>
                    <div class="method-list-content passed suite-API_Regression_August_2025_Suite">
                      <span>
                        <img src="passed.png" width="3%"/>
                        <a href="#" panel-name="suite-API_Regression_August_2025_Suite" title="com.qa.gorest.tests.CreateUserTest" class="method navigator-link" hash-for-method="createUserTest(Nishant, female, inactive)">createUserTest(Nishant, female, inactive)</a> <!-- method navigator-link -->
                      </span>
                      <br/>
                      <span>
                        <img src="passed.png" width="3%"/>
                        <a href="#" panel-name="suite-API_Regression_August_2025_Suite" title="com.qa.gorest.tests.CreateUserTest" class="method navigator-link" hash-for-method="createUserTest(Aparna, female, active)">createUserTest(Aparna, female, active)</a> <!-- method navigator-link -->
                      </span>
                      <br/>
                      <span>
                        <img src="passed.png" width="3%"/>
                        <a href="#" panel-name="suite-API_Regression_August_2025_Suite" title="com.qa.gorest.tests.CreateUserTest" class="method navigator-link" hash-for-method="createUserTest(Mahesh, female, inactive)">createUserTest(Mahesh, female, inactive)</a> <!-- method navigator-link -->
                      </span>
                      <br/>
                      <span>
                        <img src="passed.png" width="3%"/>
                        <a href="#" panel-name="suite-API_Regression_August_2025_Suite" title="com.qa.gorest.tests.CreateUserTest" class="method navigator-link" hash-for-method="createUserTest(Ravi, male, active)">createUserTest(Ravi, male, active)</a> <!-- method navigator-link -->
                      </span>
                      <br/>
                      <span>
                        <img src="passed.png" width="3%"/>
                        <a href="#" panel-name="suite-API_Regression_August_2025_Suite" title="com.qa.gorest.tests.GetProductAPITest" class="method navigator-link" hash-for-method="getAllProductInfoTest">getAllProductInfoTest</a> <!-- method navigator-link -->
                      </span>
                      <br/>
                      <span>
                        <img src="passed.png" width="3%"/>
                        <a href="#" panel-name="suite-API_Regression_August_2025_Suite" title="com.qa.gorest.tests.GetUserTest" class="method navigator-link" hash-for-method="getAllUserTest">getAllUserTest</a> <!-- method navigator-link -->
                      </span>
                      <br/>
                      <span>
                        <img src="passed.png" width="3%"/>
                        <a href="#" panel-name="suite-API_Regression_August_2025_Suite" title="com.qa.gorest.tests.HttpBinOrgAPITest" class="method navigator-link" hash-for-method="getDataFromBinOrg">getDataFromBinOrg</a> <!-- method navigator-link -->
                      </span>
                      <br/>
                      <span>
                        <img src="passed.png" width="3%"/>
                        <a href="#" panel-name="suite-API_Regression_August_2025_Suite" title="com.qa.gorest.tests.GetUserTest" class="method navigator-link" hash-for-method="getUserWithQueryParam">getUserWithQueryParam</a> <!-- method navigator-link -->
                      </span>
                      <br/>
                    </div> <!-- method-list-content passed suite-API_Regression_August_2025_Suite -->
                  </li>
                </ul>
              </div> <!-- suite-section-content -->
            </div> <!-- result-section -->
          </div> <!-- navigator-suite-content -->
        </div> <!-- rounded-window -->
      </div> <!-- suite -->
    </div> <!-- navigator-root -->
    <div class="wrapper">
      <div class="main-panel-root">
        <div panel-name="suite-API_Regression_August_2025_Suite" class="panel API_Regression_August_2025_Suite">
          <div class="suite-API_Regression_August_2025_Suite-class-failed">
            <div class="main-panel-header rounded-window-top">
              <img src="failed.png"/>
              <span class="class-name">com.qa.gorest.tests.GetUserTest</span>
            </div> <!-- main-panel-header rounded-window-top -->
            <div class="main-panel-content rounded-window-bottom">
              <div class="method">
                <div class="method-content">
                  <a name="getAllUsersXMLTest">
                  </a> <!-- getAllUsersXMLTest -->
                  <span class="method-name">getAllUsersXMLTest</span>
                  <div class="stack-trace">java.lang.AssertionError: expected [true] but found [false]
	at com.qa.gorest.tests.GetUserTest.getAllUsersXMLTest(GetUserTest.java:86)
	at java.base/java.util.ArrayList.forEach(ArrayList.java:1511)
... Removed 34 stack frames
</div> <!-- stack-trace -->
                </div> <!-- method-content -->
              </div> <!-- method -->
              <div class="method">
                <div class="method-content">
                  <a name="getSingleUser">
                  </a> <!-- getSingleUser -->
                  <span class="method-name">getSingleUser</span>
                  <div class="stack-trace">java.lang.AssertionError: 1 expectation failed.
Expected status code &lt;200&gt; but was &lt;404&gt;.

	at org.codehaus.groovy.runtime.callsite.ConstructorSite$ConstructorSiteNoUnwrapNoCoerce.callConstructor(ConstructorSite.java:108)
	at org.codehaus.groovy.runtime.callsite.CallSiteArray.defaultCallConstructor(CallSiteArray.java:57)
	at org.codehaus.groovy.runtime.callsite.AbstractCallSite.callConstructor(AbstractCallSite.java:263)
	at org.codehaus.groovy.runtime.callsite.AbstractCallSite.callConstructor(AbstractCallSite.java:277)
	at io.restassured.internal.ResponseSpecificationImpl$HamcrestAssertionClosure.validate(ResponseSpecificationImpl.groovy:512)
	at io.restassured.internal.ResponseSpecificationImpl$HamcrestAssertionClosure$validate$1.call(Unknown Source)
	at io.restassured.internal.ResponseSpecificationImpl.validateResponseIfRequired(ResponseSpecificationImpl.groovy:696)
	at io.restassured.internal.ResponseSpecificationImpl.this$2$validateResponseIfRequired(ResponseSpecificationImpl.groovy)
	at org.codehaus.groovy.runtime.callsite.PlainObjectMetaMethodSite.doInvoke(PlainObjectMetaMethodSite.java:43)
	at org.codehaus.groovy.runtime.callsite.PogoMetaMethodSite$PogoCachedMethodSiteNoUnwrapNoCoerce.invoke(PogoMetaMethodSite.java:198)
	at org.codehaus.groovy.runtime.callsite.PogoMetaMethodSite.callCurrent(PogoMetaMethodSite.java:62)
	at org.codehaus.groovy.runtime.callsite.AbstractCallSite.callCurrent(AbstractCallSite.java:185)
	at io.restassured.internal.ResponseSpecificationImpl.statusCode(ResponseSpecificationImpl.groovy:135)
	at io.restassured.specification.ResponseSpecification$statusCode$0.callCurrent(Unknown Source)
	at io.restassured.internal.ResponseSpecificationImpl.statusCode(ResponseSpecificationImpl.groovy:143)
	at io.restassured.internal.ValidatableResponseOptionsImpl.statusCode(ValidatableResponseOptionsImpl.java:89)
	at com.qa.gorest.tests.GetUserTest.getSingleUser(GetUserTest.java:47)
	at java.base/java.util.ArrayList.forEach(ArrayList.java:1511)
... Removed 40 stack frames
</div> <!-- stack-trace -->
                </div> <!-- method-content -->
              </div> <!-- method -->
            </div> <!-- main-panel-content rounded-window-bottom -->
          </div> <!-- suite-API_Regression_August_2025_Suite-class-failed -->
          <div class="suite-API_Regression_August_2025_Suite-class-failed">
            <div class="main-panel-header rounded-window-top">
              <img src="failed.png"/>
              <span class="class-name">com.qa.gorest.tests.AmadeusAPITest</span>
            </div> <!-- main-panel-header rounded-window-top -->
            <div class="main-panel-content rounded-window-bottom">
              <div class="method">
                <div class="method-content">
                  <a name="getFlightDetails">
                  </a> <!-- getFlightDetails -->
                  <span class="method-name">getFlightDetails</span>
                  <div class="stack-trace">java.lang.AssertionError: 1 expectation failed.
Expected status code &lt;200&gt; but was &lt;500&gt;.

	at org.codehaus.groovy.runtime.callsite.ConstructorSite$ConstructorSiteNoUnwrapNoCoerce.callConstructor(ConstructorSite.java:108)
	at org.codehaus.groovy.runtime.callsite.AbstractCallSite.callConstructor(AbstractCallSite.java:277)
	at io.restassured.internal.ResponseSpecificationImpl$HamcrestAssertionClosure.validate(ResponseSpecificationImpl.groovy:512)
	at io.restassured.internal.ResponseSpecificationImpl$HamcrestAssertionClosure$validate$1.call(Unknown Source)
	at io.restassured.internal.ResponseSpecificationImpl.validateResponseIfRequired(ResponseSpecificationImpl.groovy:696)
	at io.restassured.internal.ResponseSpecificationImpl.this$2$validateResponseIfRequired(ResponseSpecificationImpl.groovy)
	at org.codehaus.groovy.runtime.callsite.PlainObjectMetaMethodSite.doInvoke(PlainObjectMetaMethodSite.java:43)
	at org.codehaus.groovy.runtime.callsite.PogoMetaMethodSite$PogoCachedMethodSiteNoUnwrapNoCoerce.invoke(PogoMetaMethodSite.java:198)
	at org.codehaus.groovy.runtime.callsite.PogoMetaMethodSite.callCurrent(PogoMetaMethodSite.java:62)
	at org.codehaus.groovy.runtime.callsite.AbstractCallSite.callCurrent(AbstractCallSite.java:185)
	at io.restassured.internal.ResponseSpecificationImpl.statusCode(ResponseSpecificationImpl.groovy:135)
	at io.restassured.specification.ResponseSpecification$statusCode$0.callCurrent(Unknown Source)
	at io.restassured.internal.ResponseSpecificationImpl.statusCode(ResponseSpecificationImpl.groovy:143)
	at io.restassured.internal.ValidatableResponseOptionsImpl.statusCode(ValidatableResponseOptionsImpl.java:89)
	at com.qa.gorest.tests.AmadeusAPITest.getFlightDetails(AmadeusAPITest.java:43)
	at java.base/java.util.ArrayList.forEach(ArrayList.java:1511)
... Removed 39 stack frames
</div> <!-- stack-trace -->
                </div> <!-- method-content -->
              </div> <!-- method -->
            </div> <!-- main-panel-content rounded-window-bottom -->
          </div> <!-- suite-API_Regression_August_2025_Suite-class-failed -->
          <div class="suite-API_Regression_August_2025_Suite-class-passed">
            <div class="main-panel-header rounded-window-top">
              <img src="passed.png"/>
              <span class="class-name">com.qa.gorest.tests.GetUserTest</span>
            </div> <!-- main-panel-header rounded-window-top -->
            <div class="main-panel-content rounded-window-bottom">
              <div class="method">
                <div class="method-content">
                  <a name="getAllUserTest">
                  </a> <!-- getAllUserTest -->
                  <span class="method-name">getAllUserTest</span>
                </div> <!-- method-content -->
              </div> <!-- method -->
              <div class="method">
                <div class="method-content">
                  <a name="getUserWithQueryParam">
                  </a> <!-- getUserWithQueryParam -->
                  <span class="method-name">getUserWithQueryParam</span>
                </div> <!-- method-content -->
              </div> <!-- method -->
            </div> <!-- main-panel-content rounded-window-bottom -->
          </div> <!-- suite-API_Regression_August_2025_Suite-class-passed -->
          <div class="suite-API_Regression_August_2025_Suite-class-passed">
            <div class="main-panel-header rounded-window-top">
              <img src="passed.png"/>
              <span class="class-name">com.qa.gorest.tests.CreateUserTest</span>
            </div> <!-- main-panel-header rounded-window-top -->
            <div class="main-panel-content rounded-window-bottom">
              <div class="method">
                <div class="method-content">
                  <a name="createUserTest(Nishant, female, inactive)">
                  </a> <!-- createUserTest(Nishant, female, inactive) -->
                  <span class="method-name">createUserTest</span>
                  <span class="parameters">(Nishant,female,inactive)</span>
                </div> <!-- method-content -->
              </div> <!-- method -->
              <div class="method">
                <div class="method-content">
                  <a name="createUserTest(Aparna, female, active)">
                  </a> <!-- createUserTest(Aparna, female, active) -->
                  <span class="method-name">createUserTest</span>
                  <span class="parameters">(Aparna,female,active)</span>
                </div> <!-- method-content -->
              </div> <!-- method -->
              <div class="method">
                <div class="method-content">
                  <a name="createUserTest(Mahesh, female, inactive)">
                  </a> <!-- createUserTest(Mahesh, female, inactive) -->
                  <span class="method-name">createUserTest</span>
                  <span class="parameters">(Mahesh,female,inactive)</span>
                </div> <!-- method-content -->
              </div> <!-- method -->
              <div class="method">
                <div class="method-content">
                  <a name="createUserTest(Ravi, male, active)">
                  </a> <!-- createUserTest(Ravi, male, active) -->
                  <span class="method-name">createUserTest</span>
                  <span class="parameters">(Ravi,male,active)</span>
                </div> <!-- method-content -->
              </div> <!-- method -->
            </div> <!-- main-panel-content rounded-window-bottom -->
          </div> <!-- suite-API_Regression_August_2025_Suite-class-passed -->
          <div class="suite-API_Regression_August_2025_Suite-class-passed">
            <div class="main-panel-header rounded-window-top">
              <img src="passed.png"/>
              <span class="class-name">com.qa.gorest.tests.GetProductAPITest</span>
            </div> <!-- main-panel-header rounded-window-top -->
            <div class="main-panel-content rounded-window-bottom">
              <div class="method">
                <div class="method-content">
                  <a name="getAllProductInfoTest">
                  </a> <!-- getAllProductInfoTest -->
                  <span class="method-name">getAllProductInfoTest</span>
                </div> <!-- method-content -->
              </div> <!-- method -->
            </div> <!-- main-panel-content rounded-window-bottom -->
          </div> <!-- suite-API_Regression_August_2025_Suite-class-passed -->
          <div class="suite-API_Regression_August_2025_Suite-class-passed">
            <div class="main-panel-header rounded-window-top">
              <img src="passed.png"/>
              <span class="class-name">com.qa.gorest.tests.HttpBinOrgAPITest</span>
            </div> <!-- main-panel-header rounded-window-top -->
            <div class="main-panel-content rounded-window-bottom">
              <div class="method">
                <div class="method-content">
                  <a name="getDataFromBinOrg">
                  </a> <!-- getDataFromBinOrg -->
                  <span class="method-name">getDataFromBinOrg</span>
                </div> <!-- method-content -->
              </div> <!-- method -->
            </div> <!-- main-panel-content rounded-window-bottom -->
          </div> <!-- suite-API_Regression_August_2025_Suite-class-passed -->
        </div> <!-- panel API_Regression_August_2025_Suite -->
        <div panel-name="test-xml-API_Regression_August_2025_Suite" class="panel">
          <div class="main-panel-header rounded-window-top">
            <span class="header-content">C:\Users\nishant.goel\eclipse-workspace\August2025RestAssuredFramework\src\test\resources\testrunners\testng_regression.xml</span>
          </div> <!-- main-panel-header rounded-window-top -->
          <div class="main-panel-content rounded-window-bottom">
            <pre>
&lt;?xml version=&quot;1.0&quot; encoding=&quot;UTF-8&quot;?&gt;
&lt;!DOCTYPE suite SYSTEM &quot;https://testng.org/testng-1.0.dtd&quot;&gt;
&lt;suite thread-count=&quot;1&quot; name=&quot;API Regression August 2025 Suite&quot; guice-stage=&quot;DEVELOPMENT&quot; verbose=&quot;0&quot;&gt;
  &lt;test thread-count=&quot;1&quot; name=&quot;Go Rest Get API Test&quot; verbose=&quot;0&quot;&gt;
    &lt;parameter name=&quot;baseURI&quot; value=&quot;https://gorest.co.in&quot;/&gt;
    &lt;classes&gt;
      &lt;class name=&quot;com.qa.gorest.tests.GetUserTest&quot;/&gt;
    &lt;/classes&gt;
  &lt;/test&gt; &lt;!-- Go Rest Get API Test --&gt;
  &lt;test thread-count=&quot;1&quot; name=&quot;Go Rest Create API Test&quot; verbose=&quot;0&quot;&gt;
    &lt;parameter name=&quot;baseURI&quot; value=&quot;https://gorest.co.in&quot;/&gt;
    &lt;classes&gt;
      &lt;class name=&quot;com.qa.gorest.tests.CreateUserTest&quot;/&gt;
    &lt;/classes&gt;
  &lt;/test&gt; &lt;!-- Go Rest Create API Test --&gt;
  &lt;test thread-count=&quot;1&quot; name=&quot;Fake Store Product API Test&quot; verbose=&quot;0&quot;&gt;
    &lt;parameter name=&quot;baseURI&quot; value=&quot;https://fakestoreapi.com&quot;/&gt;
    &lt;classes&gt;
      &lt;class name=&quot;com.qa.gorest.tests.GetProductAPITest&quot;/&gt;
    &lt;/classes&gt;
  &lt;/test&gt; &lt;!-- Fake Store Product API Test --&gt;
  &lt;test thread-count=&quot;1&quot; name=&quot;HTTP Bin Org API Test&quot; verbose=&quot;0&quot;&gt;
    &lt;parameter name=&quot;baseURI&quot; value=&quot;https://httpbin.org&quot;/&gt;
    &lt;classes&gt;
      &lt;class name=&quot;com.qa.gorest.tests.HttpBinOrgAPITest&quot;/&gt;
    &lt;/classes&gt;
  &lt;/test&gt; &lt;!-- HTTP Bin Org API Test --&gt;
  &lt;test thread-count=&quot;1&quot; name=&quot;Amadeus API Test&quot; verbose=&quot;0&quot;&gt;
    &lt;parameter name=&quot;clientId&quot; value=&quot;ZZz9cIK87LwzxcW5K9Ae8TKDDcSHqWX4&quot;/&gt;
    &lt;parameter name=&quot;baseURI&quot; value=&quot;https://test.api.amadeus.com&quot;/&gt;
    &lt;parameter name=&quot;clientSecret&quot; value=&quot;LDDxRGUeA4ExrTPn&quot;/&gt;
    &lt;parameter name=&quot;grantType&quot; value=&quot;client_credentials&quot;/&gt;
    &lt;classes&gt;
      &lt;class name=&quot;com.qa.gorest.tests.AmadeusAPITest&quot;/&gt;
    &lt;/classes&gt;
  &lt;/test&gt; &lt;!-- Amadeus API Test --&gt;
&lt;/suite&gt; &lt;!-- API Regression August 2025 Suite --&gt;
            </pre>
          </div> <!-- main-panel-content rounded-window-bottom -->
        </div> <!-- panel -->
        <div panel-name="testlist-API_Regression_August_2025_Suite" class="panel">
          <div class="main-panel-header rounded-window-top">
            <span class="header-content">Tests for API Regression August 2025 Suite</span>
          </div> <!-- main-panel-header rounded-window-top -->
          <div class="main-panel-content rounded-window-bottom">
            <ul>
              <li>
                <span class="test-name">Go Rest Get API Test (1 class)</span>
              </li>
              <li>
                <span class="test-name">Go Rest Create API Test (1 class)</span>
              </li>
              <li>
                <span class="test-name">Fake Store Product API Test (1 class)</span>
              </li>
              <li>
                <span class="test-name">HTTP Bin Org API Test (1 class)</span>
              </li>
              <li>
                <span class="test-name">Amadeus API Test (1 class)</span>
              </li>
            </ul>
          </div> <!-- main-panel-content rounded-window-bottom -->
        </div> <!-- panel -->
        <div panel-name="group-API_Regression_August_2025_Suite" class="panel">
          <div class="main-panel-header rounded-window-top">
            <span class="header-content">Groups for API Regression August 2025 Suite</span>
          </div> <!-- main-panel-header rounded-window-top -->
          <div class="main-panel-content rounded-window-bottom">
          </div> <!-- main-panel-content rounded-window-bottom -->
        </div> <!-- panel -->
        <div panel-name="times-API_Regression_August_2025_Suite" class="panel">
          <div class="main-panel-header rounded-window-top">
            <span class="header-content">Times for API Regression August 2025 Suite</span>
          </div> <!-- main-panel-header rounded-window-top -->
          <div class="main-panel-content rounded-window-bottom">
            <div class="times-div">
              <script type="text/javascript">
suiteTableInitFunctions.push('tableData_API_Regression_August_2025_Suite');
function tableData_API_Regression_August_2025_Suite() {
var data = new google.visualization.DataTable();
data.addColumn('number', 'Number');
data.addColumn('string', 'Method');
data.addColumn('string', 'Class');
data.addColumn('number', 'Time (ms)');
data.addRows(11);
data.setCell(0, 0, 0)
data.setCell(0, 1, 'getUserWithQueryParam')
data.setCell(0, 2, 'com.qa.gorest.tests.GetUserTest')
data.setCell(0, 3, 3142);
data.setCell(1, 0, 1)
data.setCell(1, 1, 'createUserTest')
data.setCell(1, 2, 'com.qa.gorest.tests.CreateUserTest')
data.setCell(1, 3, 3020);
data.setCell(2, 0, 2)
data.setCell(2, 1, 'getAllUsersXMLTest')
data.setCell(2, 2, 'com.qa.gorest.tests.GetUserTest')
data.setCell(2, 3, 2164);
data.setCell(3, 0, 3)
data.setCell(3, 1, 'createUserTest')
data.setCell(3, 2, 'com.qa.gorest.tests.CreateUserTest')
data.setCell(3, 3, 2122);
data.setCell(4, 0, 4)
data.setCell(4, 1, 'createUserTest')
data.setCell(4, 2, 'com.qa.gorest.tests.CreateUserTest')
data.setCell(4, 3, 2026);
data.setCell(5, 0, 5)
data.setCell(5, 1, 'getFlightDetails')
data.setCell(5, 2, 'com.qa.gorest.tests.AmadeusAPITest')
data.setCell(5, 3, 1965);
data.setCell(6, 0, 6)
data.setCell(6, 1, 'getDataFromBinOrg')
data.setCell(6, 2, 'com.qa.gorest.tests.HttpBinOrgAPITest')
data.setCell(6, 3, 1806);
data.setCell(7, 0, 7)
data.setCell(7, 1, 'createUserTest')
data.setCell(7, 2, 'com.qa.gorest.tests.CreateUserTest')
data.setCell(7, 3, 1677);
data.setCell(8, 0, 8)
data.setCell(8, 1, 'getAllUserTest')
data.setCell(8, 2, 'com.qa.gorest.tests.GetUserTest')
data.setCell(8, 3, 1262);
data.setCell(9, 0, 9)
data.setCell(9, 1, 'getSingleUser')
data.setCell(9, 2, 'com.qa.gorest.tests.GetUserTest')
data.setCell(9, 3, 1034);
data.setCell(10, 0, 10)
data.setCell(10, 1, 'getAllProductInfoTest')
data.setCell(10, 2, 'com.qa.gorest.tests.GetProductAPITest')
data.setCell(10, 3, 726);
window.suiteTableData['API_Regression_August_2025_Suite']= { tableData: data, tableDiv: 'times-div-API_Regression_August_2025_Suite'}
return data;
}
              </script>
              <span class="suite-total-time">Total running time: 20 seconds</span>
              <div id="times-div-API_Regression_August_2025_Suite">
              </div> <!-- times-div-API_Regression_August_2025_Suite -->
            </div> <!-- times-div -->
          </div> <!-- main-panel-content rounded-window-bottom -->
        </div> <!-- panel -->
        <div panel-name="reporter-API_Regression_August_2025_Suite" class="panel">
          <div class="main-panel-header rounded-window-top">
            <span class="header-content">Reporter output for API Regression August 2025 Suite</span>
          </div> <!-- main-panel-header rounded-window-top -->
          <div class="main-panel-content rounded-window-bottom">
          </div> <!-- main-panel-content rounded-window-bottom -->
        </div> <!-- panel -->
        <div panel-name="ignored-methods-API_Regression_August_2025_Suite" class="panel">
          <div class="main-panel-header rounded-window-top">
            <span class="header-content">0 ignored methods</span>
          </div> <!-- main-panel-header rounded-window-top -->
          <div class="main-panel-content rounded-window-bottom">
          </div> <!-- main-panel-content rounded-window-bottom -->
        </div> <!-- panel -->
        <div panel-name="chronological-API_Regression_August_2025_Suite" class="panel">
          <div class="main-panel-header rounded-window-top">
            <span class="header-content">Methods in chronological order</span>
          </div> <!-- main-panel-header rounded-window-top -->
          <div class="main-panel-content rounded-window-bottom">
            <div class="chronological-class">
              <div class="chronological-class-name">com.qa.gorest.tests.GetUserTest</div> <!-- chronological-class-name -->
              <div class="configuration-test before">
                <span class="method-name">setUP(https://gorest.co.in)</span>
                <span class="method-start">0 ms</span>
              </div> <!-- configuration-test before -->
              <div class="configuration-method before">
                <span class="method-name">getUserSetUp</span>
                <span class="method-start">517 ms</span>
              </div> <!-- configuration-method before -->
              <div class="test-method">
                <span class="method-name">getUserWithQueryParam</span>
                <span class="method-start">690 ms</span>
              </div> <!-- test-method -->
              <div class="configuration-method before">
                <span class="method-name">getUserSetUp</span>
                <span class="method-start">3857 ms</span>
              </div> <!-- configuration-method before -->
              <div class="test-method">
                <img src="failed.png">
                </img>
                <span class="method-name">getSingleUser</span>
                <span class="method-start">3863 ms</span>
              </div> <!-- test-method -->
              <div class="configuration-method before">
                <span class="method-name">getUserSetUp</span>
                <span class="method-start">4912 ms</span>
              </div> <!-- configuration-method before -->
              <div class="test-method">
                <span class="method-name">getAllUserTest</span>
                <span class="method-start">4918 ms</span>
              </div> <!-- test-method -->
              <div class="configuration-method before">
                <span class="method-name">getUserSetUp</span>
                <span class="method-start">6187 ms</span>
              </div> <!-- configuration-method before -->
              <div class="test-method">
                <img src="failed.png">
                </img>
                <span class="method-name">getAllUsersXMLTest</span>
                <span class="method-start">6192 ms</span>
              </div> <!-- test-method -->
            </div> <!-- chronological-class -->
            <div class="chronological-class">
              <div class="chronological-class-name">com.qa.gorest.tests.CreateUserTest</div> <!-- chronological-class-name -->
              <div class="configuration-test before">
                <span class="method-name">setUP(https://gorest.co.in)</span>
                <span class="method-start">8495 ms</span>
              </div> <!-- configuration-test before -->
              <div class="configuration-method before">
                <span class="method-name">createUserSetUp</span>
                <span class="method-start">9566 ms</span>
              </div> <!-- configuration-method before -->
              <div class="test-method">
                <span class="method-name">createUserTest(Ravi, male, active)</span>
                <span class="method-start">9571 ms</span>
              </div> <!-- test-method -->
              <div class="configuration-method before">
                <span class="method-name">createUserSetUp</span>
                <span class="method-start">12608 ms</span>
              </div> <!-- configuration-method before -->
              <div class="test-method">
                <span class="method-name">createUserTest(Nishant, female, inactive)</span>
                <span class="method-start">12614 ms</span>
              </div> <!-- test-method -->
              <div class="configuration-method before">
                <span class="method-name">createUserSetUp</span>
                <span class="method-start">14644 ms</span>
              </div> <!-- configuration-method before -->
              <div class="test-method">
                <span class="method-name">createUserTest(Mahesh, female, inactive)</span>
                <span class="method-start">14647 ms</span>
              </div> <!-- test-method -->
              <div class="configuration-method before">
                <span class="method-name">createUserSetUp</span>
                <span class="method-start">16330 ms</span>
              </div> <!-- configuration-method before -->
              <div class="test-method">
                <span class="method-name">createUserTest(Aparna, female, active)</span>
                <span class="method-start">16345 ms</span>
              </div> <!-- test-method -->
            </div> <!-- chronological-class -->
            <div class="chronological-class">
              <div class="chronological-class-name">com.qa.gorest.tests.GetProductAPITest</div> <!-- chronological-class-name -->
              <div class="configuration-test before">
                <span class="method-name">setUP(https://fakestoreapi.com)</span>
                <span class="method-start">18489 ms</span>
              </div> <!-- configuration-test before -->
              <div class="configuration-method before">
                <span class="method-name">getProductSetUp</span>
                <span class="method-start">18491 ms</span>
              </div> <!-- configuration-method before -->
              <div class="test-method">
                <span class="method-name">getAllProductInfoTest</span>
                <span class="method-start">18497 ms</span>
              </div> <!-- test-method -->
            </div> <!-- chronological-class -->
            <div class="chronological-class">
              <div class="chronological-class-name">com.qa.gorest.tests.HttpBinOrgAPITest</div> <!-- chronological-class-name -->
              <div class="configuration-test before">
                <span class="method-name">setUP(https://httpbin.org)</span>
                <span class="method-start">19243 ms</span>
              </div> <!-- configuration-test before -->
              <div class="configuration-method before">
                <span class="method-name">httpBinOrgUserSetUp</span>
                <span class="method-start">19245 ms</span>
              </div> <!-- configuration-method before -->
              <div class="test-method">
                <span class="method-name">getDataFromBinOrg</span>
                <span class="method-start">19252 ms</span>
              </div> <!-- test-method -->
            </div> <!-- chronological-class -->
            <div class="chronological-class">
              <div class="chronological-class-name">com.qa.gorest.tests.AmadeusAPITest</div> <!-- chronological-class-name -->
              <div class="configuration-test before">
                <span class="method-name">setUP(https://test.api.amadeus.com)</span>
                <span class="method-start">21077 ms</span>
              </div> <!-- configuration-test before -->
              <div class="configuration-method before">
                <span class="method-name">getAccessTokenSetup(client_credentials, ZZz9cIK87LwzxcW5K9Ae8TKDDcSHqWX4, LDDxRGUeA4ExrTPn)</span>
                <span class="method-start">21079 ms</span>
              </div> <!-- configuration-method before -->
              <div class="test-method">
                <img src="failed.png">
                </img>
                <span class="method-name">getFlightDetails</span>
                <span class="method-start">22480 ms</span>
              </div> <!-- test-method -->
          </div> <!-- main-panel-content rounded-window-bottom -->
        </div> <!-- panel -->
      </div> <!-- main-panel-root -->
    </div> <!-- wrapper -->
  </body>
<script type="text/javascript" src="testng-reports2.js"></script>
</html>
