<?xml version="1.0" encoding="UTF-8"?>
<testsuite xmlns:xsi="http://www.w3.org/2001/XMLSchema-instance" xsi:noNamespaceSchemaLocation="https://maven.apache.org/surefire/maven-surefire-plugin/xsd/surefire-test-report.xsd" name="TestSuite" time="25.467" tests="11" errors="0" skipped="0" failures="3">
  <properties>
[...]
</properties>
  <testcase name="getUserWithQueryParam" classname="com.qa.gorest.tests.GetUserTest" time="3.162"/>
  <testcase name="getSingleUser" classname="com.qa.gorest.tests.GetUserTest" time="1.047">
    <failure message="1 expectation failed.&#10;Expected status code &lt;200&gt; but was &lt;404&gt;.&#10;" type="java.lang.AssertionError"><![CDATA[java.lang.AssertionError: 
1 expectation failed.
Expected status code <200> but was <404>.

	at com.qa.gorest.tests.GetUserTest.getSingleUser(GetUserTest.java:47)
]]></failure>
    <system-out><![CDATA[Request method:	GET
Request URI:	https://gorest.co.in/public/v2/users/8272253
Proxy:			<none>
Request params:	<none>
Query params:	<none>
Form params:	<none>
Path params:	<none>
Headers:		Authorization=Bearer 4036efa7ab5b7f2948356a4fcab8db3c646995b206391ed588e7699bda273dd7
				Accept=*/*
Cookies:		<none>
Multiparts:		<none>
Body:			<none>
HTTP/1.1 404 Not Found
Date: Sun, 14 Dec 2025 11:10:54 GMT
Content-Type: application/json; charset=utf-8
Transfer-Encoding: chunked
Connection: keep-alive
Cache-Control: no-cache
feature-policy: camera 'none'; gyroscope 'none'; microphone 'none'; usb 'none'; fullscreen 'self'
referrer-policy: strict-origin-when-cross-origin
vary: Origin
x-content-type-options: nosniff
x-download-options: noopen
x-frame-options: SAMEORIGIN
x-permitted-cross-domain-policies: none
x-ratelimit-limit: 90
x-ratelimit-remaining: 89
x-ratelimit-reset: 1
x-request-id: f52751ec-adc6-4a4f-ab59-76778e9714da
x-runtime: 0.049564
x-xss-protection: 0
Nel: {"report_to":"cf-nel","success_fraction":0.0,"max_age":604800}
cf-cache-status: DYNAMIC
Report-To: {"group":"cf-nel","max_age":604800,"endpoints":[{"url":"https://a.nel.cloudflare.com/report/v4?s=hU73Fx%2BxNfc%2BvcokdrhStJvyKJb8W08%2BEVMMFIMjqGCE2JFtwMjtDMWqc%2FmZSMmGpQqwJ8XAhVkMgIH07gtCHemAZYJPZGnzVYv6tw%3D%3D"}]}
Content-Encoding: gzip
Server: cloudflare
CF-RAY: 9add41e30cce8ab5-FRA
alt-svc: h3=":443"; ma=86400

{
    "message": "Resource not found"
}
]]></system-out>
  </testcase>
  <testcase name="getAllUserTest" classname="com.qa.gorest.tests.GetUserTest" time="1.266"/>
  <testcase name="getAllUsersXMLTest" classname="com.qa.gorest.tests.GetUserTest" time="2.173">
    <failure message="expected [true] but found [false]" type="java.lang.AssertionError">java.lang.AssertionError: expected [true] but found [false]
	at com.qa.gorest.tests.GetUserTest.getAllUsersXMLTest(GetUserTest.java:86)
</failure>
    <system-out><![CDATA[Request method:	GET
Request URI:	https://gorest.co.in/public/v2/users.xml
Proxy:			<none>
Request params:	<none>
Query params:	<none>
Form params:	<none>
Path params:	<none>
Headers:		Authorization=Bearer 4036efa7ab5b7f2948356a4fcab8db3c646995b206391ed588e7699bda273dd7
				Accept=*/*
Cookies:		<none>
Multiparts:		<none>
Body:			<none>
Name List is : [Raju, Prasad Jagtap, Prasad Jagtap, Prasad Jagtap, Prasad Jagtap, Raju, Raju, Raju, Raju, Agu]
]]></system-out>
  </testcase>
  <testcase name="createUserTest" classname="com.qa.gorest.tests.CreateUserTest" time="3.037"/>
  <testcase name="createUserTest" classname="com.qa.gorest.tests.CreateUserTest" time="2.029"/>
  <testcase name="createUserTest" classname="com.qa.gorest.tests.CreateUserTest" time="1.681"/>
  <testcase name="createUserTest" classname="com.qa.gorest.tests.CreateUserTest" time="2.124"/>
  <testcase name="getAllProductInfoTest" classname="com.qa.gorest.tests.GetProductAPITest" time="0.73"/>
  <testcase name="getDataFromBinOrg" classname="com.qa.gorest.tests.HttpBinOrgAPITest" time="1.809"/>
  <testcase name="getFlightDetails" classname="com.qa.gorest.tests.AmadeusAPITest" time="1.971">
    <failure message="1 expectation failed.&#10;Expected status code &lt;200&gt; but was &lt;500&gt;.&#10;" type="java.lang.AssertionError"><![CDATA[java.lang.AssertionError: 
1 expectation failed.
Expected status code <200> but was <500>.

	at com.qa.gorest.tests.AmadeusAPITest.getFlightDetails(AmadeusAPITest.java:43)
]]></failure>
    <system-out><![CDATA[Environment Name is : stage
Started running the framework on stage
Request method:	POST
Request URI:	https://test.api.amadeus.com/v1/security/oauth2/token
Proxy:			<none>
Request params:	<none>
Query params:	<none>
Form params:	grant_type=client_credentials
				client_id=ZZz9cIK87LwzxcW5K9Ae8TKDDcSHqWX4
				client_secret=LDDxRGUeA4ExrTPn
Path params:	<none>
Headers:		Accept=*/*
				Content-Type=application/x-www-form-urlencoded; charset=ISO-8859-1
Cookies:		<none>
Multiparts:		<none>
Body:			<none>
HTTP/1.1 200 OK
Date: Sun, 14 Dec 2025 11:11:11 GMT
Content-Type: application/json
Content-Length: 428
Connection: keep-alive
Host: test.api.amadeus.com
X-Forwarded-For: 49.36.177.110
X-Forwarded-Port: 443
X-Forwarded-Proto: https
Accept: */*
User-Agent: Apache-HttpClient/4.5.13 (Java/17.0.12)
Accept-Encoding: gzip,deflate
Ama-Gateway-Request-Id: rrt-0e52f16a789532ebf-b-de-3702139-380913386-1
Access-Control-Allow-Origin: *
Access-Control-Allow-Headers: origin, x-requested-with, accept, Content-Type
Access-Control-Max-Age: 3628800
Access-Control-Allow-Methods: POST, GET, OPTIONS
Server: Amadeus

{
    "type": "amadeusOAuth2Token",
    "username": "nltechtrainings01@gmail.com",
    "application_name": "NLTech Trainings App",
    "client_id": "ZZz9cIK87LwzxcW5K9Ae8TKDDcSHqWX4",
    "token_type": "Bearer",
    "access_token": "UowZ0m3YKmIujOxGfwa4bN960ddY",
    "expires_in": 1799,
    "state": "approved",
    "scope": ""
}
OAuth 2.0 Token is : UowZ0m3YKmIujOxGfwa4bN960ddY
Request method:	GET
Request URI:	https://test.api.amadeus.com/v1/shopping/flight-destinations?origin=PAR&maxPrice=200
Proxy:			<none>
Request params:	<none>
Query params:	origin=PAR
				maxPrice=200
Form params:	<none>
Path params:	<none>
Headers:		Authorization=Bearer UowZ0m3YKmIujOxGfwa4bN960ddY
				Accept=*/*
Cookies:		<none>
Multiparts:		<none>
Body:			<none>
HTTP/1.1 500 Other Error
Date: Sun, 14 Dec 2025 11:11:13 GMT
Content-Type: application/vnd.amadeus+json
Transfer-Encoding: chunked
Connection: keep-alive
Ama-Request-Id: 0001RIE1D79B2P
Content-Encoding: gzip
Ama-Gateway-Request-Id: rrt-0e52f16a789532ebf-b-de-3702139-380913534-1
Access-Control-Allow-Headers: origin, x-requested-with, accept, Content-Type, Authorization
Access-Control-Max-Age: 3628800
Access-Control-Allow-Methods: *
Server: Amadeus
Access-Control-Allow-Origin: *

{
    "errors": [
        {
            "status": 500,
            "code": 141,
            "title": "SYSTEM ERROR HAS OCCURRED",
            "detail": "An system error occurred while trying to retrieve the details"
        }
    ]
}
]]></system-out>
  </testcase>
</testsuite>