<?xml version="1.0" encoding="UTF-8"?>
<!-- Generated by org.testng.reporters.JUnitXMLReporter -->
<testsuite ignored="0" hostname="LP1-AP-52287845" failures="0" tests="4" name="Go Rest Create API Test" time="18.662" errors="0" timestamp="2025-12-21T16:07:14 IST">
  <testcase classname="com.qa.gorest.tests.CreateUserTest" name="createUserTest" time="2.736"/>
  <testcase classname="com.qa.gorest.tests.CreateUserTest" name="createUserTest" time="2.096"/>
  <testcase classname="com.qa.gorest.tests.CreateUserTest" name="createUserTest" time="10.81"/>
  <testcase classname="com.qa.gorest.tests.CreateUserTest" name="createUserTest" time="2.087"/>
</testsuite> <!-- Go Rest Create API Test -->
