<?xml version="1.0" encoding="UTF-8"?>
<!-- Generated by org.testng.reporters.JUnitXMLReporter -->
<testsuite ignored="1" hostname="LP1-AP-52287845" failures="0" tests="3" name="Go Rest Get API Test" time="7.209" errors="0" timestamp="2025-12-21T16:06:55 IST">
  <testcase classname="com.qa.gorest.tests.GetUserTest" name="getUserWithQueryParam" time="2.905"/>
  <testcase classname="com.qa.gorest.tests.GetUserTest" name="getSingleUser" time="2.178"/>
  <testcase classname="com.qa.gorest.tests.GetUserTest" name="getAllUserTest" time="1.258"/>
  <testcase classname="com.qa.gorest.tests.GetUserTest" name="getAllUsersXMLTest" time="0.0">
    <ignored/>
  </testcase> <!-- getAllUsersXMLTest -->
</testsuite> <!-- Go Rest Get API Test -->
