<?xml version="1.0" encoding="UTF-8"?>
<!-- Generated by org.testng.reporters.JUnitReportReporter -->
<testsuite hostname="LP1-AP-52287845" failures="0" tests="4" name="com.qa.gorest.tests.CreateUserTest" time="17.730" errors="0" timestamp="2025-12-21T16:07:18 IST" skipped="0">
  <testcase classname="com.qa.gorest.tests.CreateUserTest" name="createUserTest" time="10.810"/>
  <testcase classname="com.qa.gorest.tests.CreateUserTest" name="createUserTest" time="2.096"/>
  <testcase classname="com.qa.gorest.tests.CreateUserTest" name="createUserTest" time="2.087"/>
  <testcase classname="com.qa.gorest.tests.CreateUserTest" name="createUserTest" time="2.737"/>
</testsuite> <!-- com.qa.gorest.tests.CreateUserTest -->
