<?xml version="1.0" encoding="UTF-8"?>
<!-- Generated by org.testng.reporters.JUnitReportReporter -->
<testsuite hostname="LP1-AP-52287845" failures="0" tests="4" name="com.qa.gorest.tests.GetUserTest" time="6.447" errors="0" timestamp="2025-12-21T16:07:18 IST" skipped="1">
  <testcase classname="com.qa.gorest.tests.GetUserTest" name="getUserWithQueryParam" time="3.005"/>
  <testcase classname="com.qa.gorest.tests.GetUserTest" name="getSingleUser" time="2.180"/>
  <testcase classname="com.qa.gorest.tests.GetUserTest" name="getAllUserTest" time="1.262"/>
  <testcase classname="com.qa.gorest.tests.GetUserTest" name="getAllUsersXMLTest">
    <skipped/>
  </testcase> <!-- getAllUsersXMLTest -->
</testsuite> <!-- com.qa.gorest.tests.GetUserTest -->
