<?xml version="1.0" encoding="UTF-8"?>
<!-- Generated by org.testng.reporters.JUnitReportReporter -->
<testsuite hostname="LP1-AP-52287845" failures="0" tests="4" name="com.qa.gorest.tests.CreateUserTest" time="8.848" errors="0" timestamp="2025-12-14T16:41:14 IST" skipped="0">
  <testcase classname="com.qa.gorest.tests.CreateUserTest" name="createUserTest" time="2.026"/>
  <testcase classname="com.qa.gorest.tests.CreateUserTest" name="createUserTest" time="2.123"/>
  <testcase classname="com.qa.gorest.tests.CreateUserTest" name="createUserTest" time="1.678"/>
  <testcase classname="com.qa.gorest.tests.CreateUserTest" name="createUserTest" time="3.021"/>
</testsuite> <!-- com.qa.gorest.tests.CreateUserTest -->
