<?xml version="1.0" encoding="UTF-8"?>
<!-- Generated by org.testng.reporters.JUnitXMLReporter -->
<testsuite ignored="0" hostname="LP1-AP-52287845" failures="0" tests="4" name="Go Rest Create API Test" time="9.976" errors="0" timestamp="2025-12-14T16:41:07 IST">
  <testcase classname="com.qa.gorest.tests.CreateUserTest" name="createUserTest" time="3.02"/>
  <testcase classname="com.qa.gorest.tests.CreateUserTest" name="createUserTest" time="2.026"/>
  <testcase classname="com.qa.gorest.tests.CreateUserTest" name="createUserTest" time="1.677"/>
  <testcase classname="com.qa.gorest.tests.CreateUserTest" name="createUserTest" time="2.122"/>
</testsuite> <!-- Go Rest Create API Test -->
